# JRE version: OpenJDK Runtime Environment (20.0.1+9) (build 20.0.1+9-29)
# Java VM: OpenJDK 64-Bit Server VM (20.0.1+9-29, mixed mode, sharing, tiered, compressed oops, compressed class ptrs, g1 gc, windows-amd64)
GC Precious Log:
 CardTable entry size: 512
 Card Set container configuration: InlinePtr #cards 4 size 8 Array Of Cards #cards 16 size 48 Howl #buckets 8 coarsen threshold 3686 Howl Bitmap #cards 512 size 80 coarsen threshold 460 Card regions per heap region 1 cards per card region 4096
 CPUs: 4 total, 4 available
 Memory: 12010M
 Large Page Support: Disabled
 NUMA Support: Disabled
 Compressed Oops: Enabled (Zero based)
 Heap Region Size: 2M
 Heap Min Capacity: 8M
 Heap Initial Capacity: 188M
 Heap Max Capacity: 3004M
 Pre-touch: Disabled
 Parallel Workers: 4
 Concurrent Workers: 1
 Concurrent Refinement Workers: 4
 Periodic GC: Disabled
Heap:
 garbage-first heap   total 59392K, used 49969K [0x0000000744400000, 0x0000000800000000)
  region size 2048K, 11 young (22528K), 1 survivors (2048K)
 Metaspace       used 65590K, committed 66240K, reserved 1114112K
  class space    used 8449K, committed 8768K, reserved 1048576K
GC Heap History (20 events):
Event: 10.693 GC heap before
{Heap before GC invocations=8 (full 0):
 garbage-first heap   total 55296K, used 19145K [0x0000000744400000, 0x0000000800000000)
  region size 2048K, 2 young (4096K), 1 survivors (2048K)
 Metaspace       used 35706K, committed 36096K, reserved 1114112K
  class space    used 4622K, committed 4800K, reserved 1048576K
}
Event: 10.696 GC heap after
{Heap after GC invocations=9 (full 0):
 garbage-first heap   total 55296K, used 18893K [0x0000000744400000, 0x0000000800000000)
  region size 2048K, 1 young (2048K), 1 survivors (2048K)
 Metaspace       used 35706K, committed 36096K, reserved 1114112K
  class space    used 4622K, committed 4800K, reserved 1048576K
}
Event: 11.975 GC heap before
{Heap before GC invocations=10 (full 0):
 garbage-first heap   total 55296K, used 45517K [0x0000000744400000, 0x0000000800000000)
  region size 2048K, 14 young (28672K), 1 survivors (2048K)
 Metaspace       used 43645K, committed 44032K, reserved 1114112K
  class space    used 5666K, committed 5824K, reserved 1048576K
}
Event: 11.980 GC heap after
{Heap after GC invocations=11 (full 0):
 garbage-first heap   total 55296K, used 21611K [0x0000000744400000, 0x0000000800000000)
  region size 2048K, 2 young (4096K), 2 survivors (4096K)
 Metaspace       used 43645K, committed 44032K, reserved 1114112K
  class space    used 5666K, committed 5824K, reserved 1048576K
}
Event: 13.029 GC heap before
{Heap before GC invocations=11 (full 0):
 garbage-first heap   total 55296K, used 46187K [0x0000000744400000, 0x0000000800000000)
  region size 2048K, 14 young (28672K), 2 survivors (4096K)
 Metaspace       used 47533K, committed 47936K, reserved 1114112K
  class space    used 6266K, committed 6400K, reserved 1048576K
}
Event: 13.035 GC heap after
{Heap after GC invocations=12 (full 0):
 garbage-first heap   total 55296K, used 22686K [0x0000000744400000, 0x0000000800000000)
  region size 2048K, 1 young (2048K), 1 survivors (2048K)
 Metaspace       used 47533K, committed 47936K, reserved 1114112K
  class space    used 6266K, committed 6400K, reserved 1048576K
}
Event: 14.308 GC heap before
{Heap before GC invocations=12 (full 0):
 garbage-first heap   total 55296K, used 43166K [0x0000000744400000, 0x0000000800000000)
  region size 2048K, 12 young (24576K), 1 survivors (2048K)
 Metaspace       used 52306K, committed 52800K, reserved 1114112K
  class space    used 6860K, committed 7104K, reserved 1048576K
}
Event: 14.313 GC heap after
{Heap after GC invocations=13 (full 0):
 garbage-first heap   total 55296K, used 24718K [0x0000000744400000, 0x0000000800000000)
  region size 2048K, 2 young (4096K), 2 survivors (4096K)
 Metaspace       used 52306K, committed 52800K, reserved 1114112K
  class space    used 6860K, committed 7104K, reserved 1048576K
}
Event: 14.789 GC heap before
{Heap before GC invocations=13 (full 0):
 garbage-first heap   total 55296K, used 45198K [0x0000000744400000, 0x0000000800000000)
  region size 2048K, 12 young (24576K), 2 survivors (4096K)
 Metaspace       used 53894K, committed 54336K, reserved 1114112K
  class space    used 7079K, committed 7296K, reserved 1048576K
}
Event: 14.794 GC heap after
{Heap after GC invocations=14 (full 0):
 garbage-first heap   total 55296K, used 25651K [0x0000000744400000, 0x0000000800000000)
  region size 2048K, 2 young (4096K), 2 survivors (4096K)
 Metaspace       used 53894K, committed 54336K, reserved 1114112K
  class space    used 7079K, committed 7296K, reserved 1048576K
}
Event: 15.170 GC heap before
{Heap before GC invocations=14 (full 0):
 garbage-first heap   total 55296K, used 44083K [0x0000000744400000, 0x0000000800000000)
  region size 2048K, 11 young (22528K), 2 survivors (4096K)
 Metaspace       used 55685K, committed 56128K, reserved 1114112K
  class space    used 7282K, committed 7488K, reserved 1048576K
}
Event: 15.174 GC heap after
{Heap after GC invocations=15 (full 0):
 garbage-first heap   total 55296K, used 26507K [0x0000000744400000, 0x0000000800000000)
  region size 2048K, 1 young (2048K), 1 survivors (2048K)
 Metaspace       used 55685K, committed 56128K, reserved 1114112K
  class space    used 7282K, committed 7488K, reserved 1048576K
}
Event: 15.417 GC heap before
{Heap before GC invocations=15 (full 0):
 garbage-first heap   total 55296K, used 46987K [0x0000000744400000, 0x0000000800000000)
  region size 2048K, 11 young (22528K), 1 survivors (2048K)
 Metaspace       used 56133K, committed 56576K, reserved 1114112K
  class space    used 7310K, committed 7488K, reserved 1048576K
}
Event: 15.420 GC heap after
{Heap after GC invocations=16 (full 0):
 garbage-first heap   total 55296K, used 26869K [0x0000000744400000, 0x0000000800000000)
  region size 2048K, 2 young (4096K), 2 survivors (4096K)
 Metaspace       used 56133K, committed 56576K, reserved 1114112K
  class space    used 7310K, committed 7488K, reserved 1048576K
}
Event: 16.051 GC heap before
{Heap before GC invocations=17 (full 0):
 garbage-first heap   total 59392K, used 43253K [0x0000000744400000, 0x0000000800000000)
  region size 2048K, 10 young (20480K), 2 survivors (4096K)
 Metaspace       used 58280K, committed 58752K, reserved 1114112K
  class space    used 7646K, committed 7872K, reserved 1048576K
}
Event: 16.055 GC heap after
{Heap after GC invocations=18 (full 0):
 garbage-first heap   total 59392K, used 28486K [0x0000000744400000, 0x0000000800000000)
  region size 2048K, 2 young (4096K), 2 survivors (4096K)
 Metaspace       used 58280K, committed 58752K, reserved 1114112K
  class space    used 7646K, committed 7872K, reserved 1048576K
}
Event: 16.959 GC heap before
{Heap before GC invocations=18 (full 0):
 garbage-first heap   total 59392K, used 48966K [0x0000000744400000, 0x0000000800000000)
  region size 2048K, 12 young (24576K), 2 survivors (4096K)
 Metaspace       used 60779K, committed 61248K, reserved 1114112K
  class space    used 7988K, committed 8192K, reserved 1048576K
}
Event: 16.971 GC heap after
{Heap after GC invocations=19 (full 0):
 garbage-first heap   total 59392K, used 30075K [0x0000000744400000, 0x0000000800000000)
  region size 2048K, 2 young (4096K), 2 survivors (4096K)
 Metaspace       used 60779K, committed 61248K, reserved 1114112K
  class space    used 7988K, committed 8192K, reserved 1048576K
}
Event: 18.199 GC heap before
{Heap before GC invocations=19 (full 0):
 garbage-first heap   total 59392K, used 50555K [0x0000000744400000, 0x0000000800000000)
  region size 2048K, 12 young (24576K), 2 survivors (4096K)
 Metaspace       used 64590K, committed 65152K, reserved 1114112K
  class space    used 8428K, committed 8704K, reserved 1048576K
}
Event: 18.206 GC heap after
{Heap after GC invocations=20 (full 0):
 garbage-first heap   total 59392K, used 31537K [0x0000000744400000, 0x0000000800000000)
  region size 2048K, 1 young (2048K), 1 survivors (2048K)
 Metaspace       used 64590K, committed 65152K, reserved 1114112K
  class space    used 8428K, committed 8704K, reserved 1048576K
}

