# JRE version: OpenJDK Runtime Environment (20.0.1+9) (build 20.0.1+9-29)
# Java VM: OpenJDK 64-Bit Server VM (20.0.1+9-29, mixed mode, sharing, tiered, compressed oops, compressed class ptrs, g1 gc, windows-amd64)
GC Precious Log:
 CardTable entry size: 512
 Card Set container configuration: InlinePtr #cards 4 size 8 Array Of Cards #cards 16 size 48 Howl #buckets 8 coarsen threshold 3686 Howl Bitmap #cards 512 size 80 coarsen threshold 460 Card regions per heap region 1 cards per card region 4096
 CPUs: 4 total, 4 available
 Memory: 12010M
 Large Page Support: Disabled
 NUMA Support: Disabled
 Compressed Oops: Enabled (Zero based)
 Heap Region Size: 2M
 Heap Min Capacity: 8M
 Heap Initial Capacity: 188M
 Heap Max Capacity: 3004M
 Pre-touch: Disabled
 Parallel Workers: 4
 Concurrent Workers: 1
 Concurrent Refinement Workers: 4
 Periodic GC: Disabled
Heap:
 garbage-first heap   total 63488K, used 47566K [0x0000000744400000, 0x0000000800000000)
  region size 2048K, 11 young (22528K), 1 survivors (2048K)
 Metaspace       used 69130K, committed 69696K, reserved 1114112K
  class space    used 8576K, committed 8896K, reserved 1048576K
GC Heap History (20 events):
Event: 7640.060 GC heap before
{Heap before GC invocations=140 (full 0):
 garbage-first heap   total 63488K, used 51634K [0x0000000744400000, 0x0000000800000000)
  region size 2048K, 12 young (24576K), 1 survivors (2048K)
 Metaspace       used 69130K, committed 69696K, reserved 1114112K
  class space    used 8576K, committed 8896K, reserved 1048576K
}
Event: 7640.061 GC heap after
{Heap after GC invocations=141 (full 0):
 garbage-first heap   total 63488K, used 29119K [0x0000000744400000, 0x0000000800000000)
  region size 2048K, 1 young (2048K), 1 survivors (2048K)
 Metaspace       used 69130K, committed 69696K, reserved 1114112K
  class space    used 8576K, committed 8896K, reserved 1048576K
}
Event: 7644.144 GC heap before
{Heap before GC invocations=142 (full 0):
 garbage-first heap   total 63488K, used 51647K [0x0000000744400000, 0x0000000800000000)
  region size 2048K, 12 young (24576K), 1 survivors (2048K)
 Metaspace       used 69130K, committed 69696K, reserved 1114112K
  class space    used 8576K, committed 8896K, reserved 1048576K
}
Event: 7644.145 GC heap after
{Heap after GC invocations=143 (full 0):
 garbage-first heap   total 63488K, used 29118K [0x0000000744400000, 0x0000000800000000)
  region size 2048K, 1 young (2048K), 1 survivors (2048K)
 Metaspace       used 69130K, committed 69696K, reserved 1114112K
  class space    used 8576K, committed 8896K, reserved 1048576K
}
Event: 7646.793 GC heap before
{Heap before GC invocations=143 (full 0):
 garbage-first heap   total 63488K, used 51646K [0x0000000744400000, 0x0000000800000000)
  region size 2048K, 12 young (24576K), 1 survivors (2048K)
 Metaspace       used 69130K, committed 69696K, reserved 1114112K
  class space    used 8576K, committed 8896K, reserved 1048576K
}
Event: 7646.794 GC heap after
{Heap after GC invocations=144 (full 0):
 garbage-first heap   total 63488K, used 29174K [0x0000000744400000, 0x0000000800000000)
  region size 2048K, 1 young (2048K), 1 survivors (2048K)
 Metaspace       used 69130K, committed 69696K, reserved 1114112K
  class space    used 8576K, committed 8896K, reserved 1048576K
}
Event: 7648.503 GC heap before
{Heap before GC invocations=145 (full 0):
 garbage-first heap   total 63488K, used 51702K [0x0000000744400000, 0x0000000800000000)
  region size 2048K, 12 young (24576K), 1 survivors (2048K)
 Metaspace       used 69130K, committed 69696K, reserved 1114112K
  class space    used 8576K, committed 8896K, reserved 1048576K
}
Event: 7648.504 GC heap after
{Heap after GC invocations=146 (full 0):
 garbage-first heap   total 63488K, used 29156K [0x0000000744400000, 0x0000000800000000)
  region size 2048K, 1 young (2048K), 1 survivors (2048K)
 Metaspace       used 69130K, committed 69696K, reserved 1114112K
  class space    used 8576K, committed 8896K, reserved 1048576K
}
Event: 7650.005 GC heap before
{Heap before GC invocations=146 (full 0):
 garbage-first heap   total 63488K, used 51684K [0x0000000744400000, 0x0000000800000000)
  region size 2048K, 12 young (24576K), 1 survivors (2048K)
 Metaspace       used 69130K, committed 69696K, reserved 1114112K
  class space    used 8576K, committed 8896K, reserved 1048576K
}
Event: 7650.006 GC heap after
{Heap after GC invocations=147 (full 0):
 garbage-first heap   total 63488K, used 29124K [0x0000000744400000, 0x0000000800000000)
  region size 2048K, 1 young (2048K), 1 survivors (2048K)
 Metaspace       used 69130K, committed 69696K, reserved 1114112K
  class space    used 8576K, committed 8896K, reserved 1048576K
}
Event: 7651.690 GC heap before
{Heap before GC invocations=148 (full 0):
 garbage-first heap   total 63488K, used 51652K [0x0000000744400000, 0x0000000800000000)
  region size 2048K, 12 young (24576K), 1 survivors (2048K)
 Metaspace       used 69130K, committed 69696K, reserved 1114112K
  class space    used 8576K, committed 8896K, reserved 1048576K
}
Event: 7651.691 GC heap after
{Heap after GC invocations=149 (full 0):
 garbage-first heap   total 63488K, used 29123K [0x0000000744400000, 0x0000000800000000)
  region size 2048K, 1 young (2048K), 1 survivors (2048K)
 Metaspace       used 69130K, committed 69696K, reserved 1114112K
  class space    used 8576K, committed 8896K, reserved 1048576K
}
Event: 7653.720 GC heap before
{Heap before GC invocations=149 (full 0):
 garbage-first heap   total 63488K, used 51651K [0x0000000744400000, 0x0000000800000000)
  region size 2048K, 12 young (24576K), 1 survivors (2048K)
 Metaspace       used 69130K, committed 69696K, reserved 1114112K
  class space    used 8576K, committed 8896K, reserved 1048576K
}
Event: 7653.721 GC heap after
{Heap after GC invocations=150 (full 0):
 garbage-first heap   total 63488K, used 29106K [0x0000000744400000, 0x0000000800000000)
  region size 2048K, 1 young (2048K), 1 survivors (2048K)
 Metaspace       used 69130K, committed 69696K, reserved 1114112K
  class space    used 8576K, committed 8896K, reserved 1048576K
}
Event: 7655.938 GC heap before
{Heap before GC invocations=151 (full 0):
 garbage-first heap   total 63488K, used 51634K [0x0000000744400000, 0x0000000800000000)
  region size 2048K, 12 young (24576K), 1 survivors (2048K)
 Metaspace       used 69130K, committed 69696K, reserved 1114112K
  class space    used 8576K, committed 8896K, reserved 1048576K
}
Event: 7655.940 GC heap after
{Heap after GC invocations=152 (full 0):
 garbage-first heap   total 63488K, used 29138K [0x0000000744400000, 0x0000000800000000)
  region size 2048K, 1 young (2048K), 1 survivors (2048K)
 Metaspace       used 69130K, committed 69696K, reserved 1114112K
  class space    used 8576K, committed 8896K, reserved 1048576K
}
Event: 7658.442 GC heap before
{Heap before GC invocations=152 (full 0):
 garbage-first heap   total 63488K, used 51666K [0x0000000744400000, 0x0000000800000000)
  region size 2048K, 12 young (24576K), 1 survivors (2048K)
 Metaspace       used 69130K, committed 69696K, reserved 1114112K
  class space    used 8576K, committed 8896K, reserved 1048576K
}
Event: 7658.443 GC heap after
{Heap after GC invocations=153 (full 0):
 garbage-first heap   total 63488K, used 29131K [0x0000000744400000, 0x0000000800000000)
  region size 2048K, 1 young (2048K), 1 survivors (2048K)
 Metaspace       used 69130K, committed 69696K, reserved 1114112K
  class space    used 8576K, committed 8896K, reserved 1048576K
}
Event: 7660.937 GC heap before
{Heap before GC invocations=154 (full 0):
 garbage-first heap   total 63488K, used 51659K [0x0000000744400000, 0x0000000800000000)
  region size 2048K, 12 young (24576K), 1 survivors (2048K)
 Metaspace       used 69130K, committed 69696K, reserved 1114112K
  class space    used 8576K, committed 8896K, reserved 1048576K
}
Event: 7660.938 GC heap after
{Heap after GC invocations=155 (full 0):
 garbage-first heap   total 63488K, used 29134K [0x0000000744400000, 0x0000000800000000)
  region size 2048K, 1 young (2048K), 1 survivors (2048K)
 Metaspace       used 69130K, committed 69696K, reserved 1114112K
  class space    used 8576K, committed 8896K, reserved 1048576K
}

