# JRE version: OpenJDK Runtime Environment (20.0.1+9) (build 20.0.1+9-29)
# Java VM: OpenJDK 64-Bit Server VM (20.0.1+9-29, mixed mode, sharing, tiered, compressed oops, compressed class ptrs, g1 gc, windows-amd64)
GC Precious Log:
 CardTable entry size: 512
 Card Set container configuration: InlinePtr #cards 4 size 8 Array Of Cards #cards 16 size 48 Howl #buckets 8 coarsen threshold 3686 Howl Bitmap #cards 512 size 80 coarsen threshold 460 Card regions per heap region 1 cards per card region 4096
 CPUs: 4 total, 4 available
 Memory: 12010M
 Large Page Support: Disabled
 NUMA Support: Disabled
 Compressed Oops: Enabled (Zero based)
 Heap Region Size: 2M
 Heap Min Capacity: 8M
 Heap Initial Capacity: 188M
 Heap Max Capacity: 3004M
 Pre-touch: Disabled
 Parallel Workers: 4
 Concurrent Workers: 1
 Concurrent Refinement Workers: 4
 Periodic GC: Disabled
Heap:
 garbage-first heap   total 59392K, used 41916K [0x0000000744400000, 0x0000000800000000)
  region size 2048K, 8 young (16384K), 2 survivors (4096K)
 Metaspace       used 65308K, committed 65920K, reserved 1114112K
  class space    used 8436K, committed 8704K, reserved 1048576K
GC Heap History (20 events):
Event: 10.814 GC heap before
{Heap before GC invocations=9 (full 0):
 garbage-first heap   total 55296K, used 41984K [0x0000000744400000, 0x0000000800000000)
  region size 2048K, 13 young (26624K), 1 survivors (2048K)
 Metaspace       used 43114K, committed 43520K, reserved 1114112K
  class space    used 5599K, committed 5760K, reserved 1048576K
}
Event: 10.820 GC heap after
{Heap after GC invocations=10 (full 0):
 garbage-first heap   total 55296K, used 22045K [0x0000000744400000, 0x0000000800000000)
  region size 2048K, 2 young (4096K), 2 survivors (4096K)
 Metaspace       used 43114K, committed 43520K, reserved 1114112K
  class space    used 5599K, committed 5760K, reserved 1048576K
}
Event: 11.836 GC heap before
{Heap before GC invocations=10 (full 0):
 garbage-first heap   total 55296K, used 44573K [0x0000000744400000, 0x0000000800000000)
  region size 2048K, 14 young (28672K), 2 survivors (4096K)
 Metaspace       used 47496K, committed 47808K, reserved 1114112K
  class space    used 6268K, committed 6400K, reserved 1048576K
}
Event: 11.844 GC heap after
{Heap after GC invocations=11 (full 0):
 garbage-first heap   total 55296K, used 22799K [0x0000000744400000, 0x0000000800000000)
  region size 2048K, 1 young (2048K), 1 survivors (2048K)
 Metaspace       used 47496K, committed 47808K, reserved 1114112K
  class space    used 6268K, committed 6400K, reserved 1048576K
}
Event: 12.887 GC heap before
{Heap before GC invocations=11 (full 0):
 garbage-first heap   total 55296K, used 43279K [0x0000000744400000, 0x0000000800000000)
  region size 2048K, 12 young (24576K), 1 survivors (2048K)
 Metaspace       used 52258K, committed 52736K, reserved 1114112K
  class space    used 6850K, committed 7104K, reserved 1048576K
}
Event: 12.891 GC heap after
{Heap after GC invocations=12 (full 0):
 garbage-first heap   total 55296K, used 24458K [0x0000000744400000, 0x0000000800000000)
  region size 2048K, 2 young (4096K), 2 survivors (4096K)
 Metaspace       used 52258K, committed 52736K, reserved 1114112K
  class space    used 6850K, committed 7104K, reserved 1048576K
}
Event: 13.214 GC heap before
{Heap before GC invocations=12 (full 0):
 garbage-first heap   total 55296K, used 44938K [0x0000000744400000, 0x0000000800000000)
  region size 2048K, 12 young (24576K), 2 survivors (4096K)
 Metaspace       used 53575K, committed 54016K, reserved 1114112K
  class space    used 7023K, committed 7232K, reserved 1048576K
}
Event: 13.219 GC heap after
{Heap after GC invocations=13 (full 0):
 garbage-first heap   total 55296K, used 25664K [0x0000000744400000, 0x0000000800000000)
  region size 2048K, 2 young (4096K), 2 survivors (4096K)
 Metaspace       used 53575K, committed 54016K, reserved 1114112K
  class space    used 7023K, committed 7232K, reserved 1048576K
}
Event: 13.624 GC heap before
{Heap before GC invocations=13 (full 0):
 garbage-first heap   total 55296K, used 42048K [0x0000000744400000, 0x0000000800000000)
  region size 2048K, 11 young (22528K), 2 survivors (4096K)
 Metaspace       used 55579K, committed 56064K, reserved 1114112K
  class space    used 7269K, committed 7488K, reserved 1048576K
}
Event: 13.628 GC heap after
{Heap after GC invocations=14 (full 0):
 garbage-first heap   total 55296K, used 26474K [0x0000000744400000, 0x0000000800000000)
  region size 2048K, 1 young (2048K), 1 survivors (2048K)
 Metaspace       used 55579K, committed 56064K, reserved 1114112K
  class space    used 7269K, committed 7488K, reserved 1048576K
}
Event: 13.887 GC heap before
{Heap before GC invocations=14 (full 0):
 garbage-first heap   total 55296K, used 49002K [0x0000000744400000, 0x0000000800000000)
  region size 2048K, 12 young (24576K), 1 survivors (2048K)
 Metaspace       used 56156K, committed 56576K, reserved 1114112K
  class space    used 7310K, committed 7488K, reserved 1048576K
}
Event: 13.891 GC heap after
{Heap after GC invocations=15 (full 0):
 garbage-first heap   total 55296K, used 27159K [0x0000000744400000, 0x0000000800000000)
  region size 2048K, 2 young (4096K), 2 survivors (4096K)
 Metaspace       used 56156K, committed 56576K, reserved 1114112K
  class space    used 7310K, committed 7488K, reserved 1048576K
}
Event: 14.477 GC heap before
{Heap before GC invocations=15 (full 0):
 garbage-first heap   total 55296K, used 45591K [0x0000000744400000, 0x0000000800000000)
  region size 2048K, 11 young (22528K), 2 survivors (4096K)
 Metaspace       used 58633K, committed 59072K, reserved 1114112K
  class space    used 7656K, committed 7872K, reserved 1048576K
}
Event: 14.482 GC heap after
{Heap after GC invocations=16 (full 0):
 garbage-first heap   total 55296K, used 28550K [0x0000000744400000, 0x0000000800000000)
  region size 2048K, 2 young (4096K), 2 survivors (4096K)
 Metaspace       used 58633K, committed 59072K, reserved 1114112K
  class space    used 7656K, committed 7872K, reserved 1048576K
}
Event: 14.715 GC heap before
{Heap before GC invocations=16 (full 0):
 garbage-first heap   total 55296K, used 34694K [0x0000000744400000, 0x0000000800000000)
  region size 2048K, 6 young (12288K), 2 survivors (4096K)
 Metaspace       used 59649K, committed 60096K, reserved 1114112K
  class space    used 7791K, committed 8000K, reserved 1048576K
}
Event: 14.719 GC heap after
{Heap after GC invocations=17 (full 0):
 garbage-first heap   total 55296K, used 29412K [0x0000000744400000, 0x0000000800000000)
  region size 2048K, 2 young (4096K), 2 survivors (4096K)
 Metaspace       used 59649K, committed 60096K, reserved 1114112K
  class space    used 7791K, committed 8000K, reserved 1048576K
}
Event: 15.284 GC heap before
{Heap before GC invocations=18 (full 0):
 garbage-first heap   total 59392K, used 43748K [0x0000000744400000, 0x0000000800000000)
  region size 2048K, 9 young (18432K), 2 survivors (4096K)
 Metaspace       used 61181K, committed 61632K, reserved 1114112K
  class space    used 8041K, committed 8256K, reserved 1048576K
}
Event: 15.290 GC heap after
{Heap after GC invocations=19 (full 0):
 garbage-first heap   total 59392K, used 31261K [0x0000000744400000, 0x0000000800000000)
  region size 2048K, 2 young (4096K), 2 survivors (4096K)
 Metaspace       used 61181K, committed 61632K, reserved 1114112K
  class space    used 8041K, committed 8256K, reserved 1048576K
}
Event: 16.995 GC heap before
{Heap before GC invocations=19 (full 0):
 garbage-first heap   total 59392K, used 47645K [0x0000000744400000, 0x0000000800000000)
  region size 2048K, 11 young (22528K), 2 survivors (4096K)
 Metaspace       used 64689K, committed 65280K, reserved 1114112K
  class space    used 8416K, committed 8704K, reserved 1048576K
}
Event: 17.005 GC heap after
{Heap after GC invocations=20 (full 0):
 garbage-first heap   total 59392K, used 31676K [0x0000000744400000, 0x0000000800000000)
  region size 2048K, 2 young (4096K), 2 survivors (4096K)
 Metaspace       used 64689K, committed 65280K, reserved 1114112K
  class space    used 8416K, committed 8704K, reserved 1048576K
}

