# JRE version: OpenJDK Runtime Environment (20.0.1+9) (build 20.0.1+9-29)
# Java VM: OpenJDK 64-Bit Server VM (20.0.1+9-29, mixed mode, sharing, tiered, compressed oops, compressed class ptrs, g1 gc, windows-amd64)
GC Precious Log:
 CardTable entry size: 512
 Card Set container configuration: InlinePtr #cards 4 size 8 Array Of Cards #cards 16 size 48 Howl #buckets 8 coarsen threshold 3686 Howl Bitmap #cards 512 size 80 coarsen threshold 460 Card regions per heap region 1 cards per card region 4096
 CPUs: 4 total, 4 available
 Memory: 12010M
 Large Page Support: Disabled
 NUMA Support: Disabled
 Compressed Oops: Enabled (Zero based)
 Heap Region Size: 2M
 Heap Min Capacity: 8M
 Heap Initial Capacity: 188M
 Heap Max Capacity: 3004M
 Pre-touch: Disabled
 Parallel Workers: 4
 Concurrent Workers: 1
 Concurrent Refinement Workers: 4
 Periodic GC: Disabled
Heap:
 garbage-first heap   total 61440K, used 43244K [0x0000000744400000, 0x0000000800000000)
  region size 2048K, 8 young (16384K), 1 survivors (2048K)
 Metaspace       used 68325K, committed 68928K, reserved 1114112K
  class space    used 8505K, committed 8768K, reserved 1048576K
GC Heap History (20 events):
Event: 388.894 GC heap before
{Heap before GC invocations=156 (full 0):
 garbage-first heap   total 61440K, used 51411K [0x0000000744400000, 0x0000000800000000)
  region size 2048K, 11 young (22528K), 1 survivors (2048K)
 Metaspace       used 68321K, committed 68864K, reserved 1114112K
  class space    used 8504K, committed 8768K, reserved 1048576K
}
Event: 388.896 GC heap after
{Heap after GC invocations=157 (full 0):
 garbage-first heap   total 61440K, used 30966K [0x0000000744400000, 0x0000000800000000)
  region size 2048K, 1 young (2048K), 1 survivors (2048K)
 Metaspace       used 68321K, committed 68864K, reserved 1114112K
  class space    used 8504K, committed 8768K, reserved 1048576K
}
Event: 391.179 GC heap before
{Heap before GC invocations=157 (full 0):
 garbage-first heap   total 61440K, used 51446K [0x0000000744400000, 0x0000000800000000)
  region size 2048K, 11 young (22528K), 1 survivors (2048K)
 Metaspace       used 68321K, committed 68864K, reserved 1114112K
  class space    used 8504K, committed 8768K, reserved 1048576K
}
Event: 391.180 GC heap after
{Heap after GC invocations=158 (full 0):
 garbage-first heap   total 61440K, used 30968K [0x0000000744400000, 0x0000000800000000)
  region size 2048K, 1 young (2048K), 1 survivors (2048K)
 Metaspace       used 68321K, committed 68864K, reserved 1114112K
  class space    used 8504K, committed 8768K, reserved 1048576K
}
Event: 393.220 GC heap before
{Heap before GC invocations=159 (full 0):
 garbage-first heap   total 61440K, used 51448K [0x0000000744400000, 0x0000000800000000)
  region size 2048K, 11 young (22528K), 1 survivors (2048K)
 Metaspace       used 68321K, committed 68864K, reserved 1114112K
  class space    used 8504K, committed 8768K, reserved 1048576K
}
Event: 393.223 GC heap after
{Heap after GC invocations=160 (full 0):
 garbage-first heap   total 61440K, used 30947K [0x0000000744400000, 0x0000000800000000)
  region size 2048K, 1 young (2048K), 1 survivors (2048K)
 Metaspace       used 68321K, committed 68864K, reserved 1114112K
  class space    used 8504K, committed 8768K, reserved 1048576K
}
Event: 395.231 GC heap before
{Heap before GC invocations=160 (full 0):
 garbage-first heap   total 61440K, used 51427K [0x0000000744400000, 0x0000000800000000)
  region size 2048K, 11 young (22528K), 1 survivors (2048K)
 Metaspace       used 68321K, committed 68864K, reserved 1114112K
  class space    used 8504K, committed 8768K, reserved 1048576K
}
Event: 395.233 GC heap after
{Heap after GC invocations=161 (full 0):
 garbage-first heap   total 61440K, used 30961K [0x0000000744400000, 0x0000000800000000)
  region size 2048K, 1 young (2048K), 1 survivors (2048K)
 Metaspace       used 68321K, committed 68864K, reserved 1114112K
  class space    used 8504K, committed 8768K, reserved 1048576K
}
Event: 397.470 GC heap before
{Heap before GC invocations=162 (full 0):
 garbage-first heap   total 61440K, used 51441K [0x0000000744400000, 0x0000000800000000)
  region size 2048K, 11 young (22528K), 1 survivors (2048K)
 Metaspace       used 68322K, committed 68864K, reserved 1114112K
  class space    used 8505K, committed 8768K, reserved 1048576K
}
Event: 397.471 GC heap after
{Heap after GC invocations=163 (full 0):
 garbage-first heap   total 61440K, used 30932K [0x0000000744400000, 0x0000000800000000)
  region size 2048K, 1 young (2048K), 1 survivors (2048K)
 Metaspace       used 68322K, committed 68864K, reserved 1114112K
  class space    used 8505K, committed 8768K, reserved 1048576K
}
Event: 399.560 GC heap before
{Heap before GC invocations=163 (full 0):
 garbage-first heap   total 61440K, used 51412K [0x0000000744400000, 0x0000000800000000)
  region size 2048K, 11 young (22528K), 1 survivors (2048K)
 Metaspace       used 68322K, committed 68864K, reserved 1114112K
  class space    used 8505K, committed 8768K, reserved 1048576K
}
Event: 399.561 GC heap after
{Heap after GC invocations=164 (full 0):
 garbage-first heap   total 61440K, used 30970K [0x0000000744400000, 0x0000000800000000)
  region size 2048K, 1 young (2048K), 1 survivors (2048K)
 Metaspace       used 68322K, committed 68864K, reserved 1114112K
  class space    used 8505K, committed 8768K, reserved 1048576K
}
Event: 401.692 GC heap before
{Heap before GC invocations=165 (full 0):
 garbage-first heap   total 61440K, used 51450K [0x0000000744400000, 0x0000000800000000)
  region size 2048K, 11 young (22528K), 1 survivors (2048K)
 Metaspace       used 68322K, committed 68864K, reserved 1114112K
  class space    used 8505K, committed 8768K, reserved 1048576K
}
Event: 401.693 GC heap after
{Heap after GC invocations=166 (full 0):
 garbage-first heap   total 61440K, used 30940K [0x0000000744400000, 0x0000000800000000)
  region size 2048K, 1 young (2048K), 1 survivors (2048K)
 Metaspace       used 68322K, committed 68864K, reserved 1114112K
  class space    used 8505K, committed 8768K, reserved 1048576K
}
Event: 403.703 GC heap before
{Heap before GC invocations=166 (full 0):
 garbage-first heap   total 61440K, used 51420K [0x0000000744400000, 0x0000000800000000)
  region size 2048K, 11 young (22528K), 1 survivors (2048K)
 Metaspace       used 68323K, committed 68928K, reserved 1114112K
  class space    used 8505K, committed 8768K, reserved 1048576K
}
Event: 403.704 GC heap after
{Heap after GC invocations=167 (full 0):
 garbage-first heap   total 61440K, used 30947K [0x0000000744400000, 0x0000000800000000)
  region size 2048K, 1 young (2048K), 1 survivors (2048K)
 Metaspace       used 68323K, committed 68928K, reserved 1114112K
  class space    used 8505K, committed 8768K, reserved 1048576K
}
Event: 405.675 GC heap before
{Heap before GC invocations=168 (full 0):
 garbage-first heap   total 61440K, used 51427K [0x0000000744400000, 0x0000000800000000)
  region size 2048K, 11 young (22528K), 1 survivors (2048K)
 Metaspace       used 68323K, committed 68928K, reserved 1114112K
  class space    used 8505K, committed 8768K, reserved 1048576K
}
Event: 405.677 GC heap after
{Heap after GC invocations=169 (full 0):
 garbage-first heap   total 61440K, used 30954K [0x0000000744400000, 0x0000000800000000)
  region size 2048K, 1 young (2048K), 1 survivors (2048K)
 Metaspace       used 68323K, committed 68928K, reserved 1114112K
  class space    used 8505K, committed 8768K, reserved 1048576K
}
Event: 407.641 GC heap before
{Heap before GC invocations=169 (full 0):
 garbage-first heap   total 61440K, used 51434K [0x0000000744400000, 0x0000000800000000)
  region size 2048K, 11 young (22528K), 1 survivors (2048K)
 Metaspace       used 68325K, committed 68928K, reserved 1114112K
  class space    used 8505K, committed 8768K, reserved 1048576K
}
Event: 407.641 GC heap after
{Heap after GC invocations=170 (full 0):
 garbage-first heap   total 61440K, used 30956K [0x0000000744400000, 0x0000000800000000)
  region size 2048K, 1 young (2048K), 1 survivors (2048K)
 Metaspace       used 68325K, committed 68928K, reserved 1114112K
  class space    used 8505K, committed 8768K, reserved 1048576K
}

